\BOOKMARK [1][-]{section.1}{\376\377\0001\000.\000\040\000I\000n\000t\000r\000o\000d\000u\000c\000t\000i\000o\000n}{}% 1
\BOOKMARK [1][-]{section.2}{\376\377\0002\000.\000\040\000T\000h\000e\000\040\000B\000a\000c\000h\000e\000l\000i\000e\000r\000\040\000M\000o\000d\000e\000l}{}% 2
\BOOKMARK [2][-]{subsection.2.1}{\376\377\0002\000.\0001\000.\000\040\000E\000u\000r\000o\000p\000e\000a\000n\000\040\000C\000a\000l\000l}{section.2}% 3
\BOOKMARK [2][-]{subsection.2.2}{\376\377\0002\000.\0002\000.\000\040\000E\000u\000r\000o\000p\000e\000a\000n\000\040\000P\000u\000t}{section.2}% 4
\BOOKMARK [2][-]{subsection.2.3}{\376\377\0002\000.\0003\000.\000\040\000A\000r\000i\000t\000h\000m\000e\000t\000i\000c\000\040\000A\000s\000i\000a\000n\000\040\000C\000a\000l\000l}{section.2}% 5
\BOOKMARK [1][-]{section.3}{\376\377\0003\000.\000\040\000C\000h\000o\000o\000s\000e\000r\000\040\000P\000r\000i\000c\000i\000n\000g\000\040\000u\000n\000d\000e\000r\000\040\000t\000h\000e\000\040\000B\000a\000c\000h\000e\000l\000i\000e\000r\000\040\000M\000o\000d\000e\000l}{}% 6
\BOOKMARK [2][-]{subsection.3.1}{\376\377\0003\000.\0001\000.\000\040\000P\000r\000o\000p\000e\000r\000t\000i\000e\000s\000\040\000o\000f\000\040\000a\000\040\000C\000h\000o\000o\000s\000e\000r}{section.3}% 7
\BOOKMARK [2][-]{subsection.3.2}{\376\377\0003\000.\0002\000.\000\040\000R\000e\000p\000l\000i\000c\000a\000t\000i\000o\000n}{section.3}% 8
\BOOKMARK [2][-]{subsection.3.3}{\376\377\0003\000.\0003\000.\000\040\000R\000e\000p\000l\000i\000c\000a\000t\000i\000n\000g\000\040\000t\000h\000e\000\040\000A\000s\000i\000a\000n\000\040\000c\000h\000o\000o\000s\000e\000r\000\040\000w\000h\000e\000n\000\040\000r\000\040\000>\000\040\0000}{section.3}% 9
\BOOKMARK [2][-]{subsection.3.4}{\376\377\0003\000.\0004\000.\000\040\000R\000e\000p\000l\000i\000c\000a\000t\000i\000n\000g\000\040\000A\000s\000i\000a\000n\000\040\000o\000p\000t\000i\000o\000n\000s\000\040\000w\000h\000e\000n\000\040\000r\000\040\000=\000\040\0000}{section.3}% 10
\BOOKMARK [1][-]{section.4}{\376\377\0004\000.\000\040\000C\000h\000o\000o\000s\000e\000r\000\040\000O\000p\000t\000i\000o\000n\000\040\000V\000a\000r\000i\000a\000n\000t\000s}{}% 11
\BOOKMARK [2][-]{subsection.4.1}{\376\377\0004\000.\0001\000.\000\040\000T\000a\000i\000l\000\040\000C\000h\000o\000o\000s\000e\000r}{section.4}% 12
\BOOKMARK [2][-]{subsection.4.2}{\376\377\0004\000.\0002\000.\000\040\000A\000s\000i\000a\000n\000\040\000T\000a\000i\000l\000\040\000C\000h\000o\000o\000s\000e\000r\000s\000\040\000w\000h\000e\000n\000\040\000r\000\040\000=\000\040\0000}{section.4}% 13
\BOOKMARK [2][-]{section*.2}{\376\377\000A\000c\000k\000n\000o\000w\000l\000e\000d\000g\000e\000m\000e\000n\000t}{section.4}% 14
\BOOKMARK [1][-]{appendix.A}{\376\377\000A\000p\000p\000e\000n\000d\000i\000x\000\040\000A\000.\000\040\000N\000o\000t\000a\000t\000i\000o\000n\000\040\000a\000n\000d\000\040\000c\000o\000n\000v\000e\000n\000t\000i\000o\000n\000s}{}% 15
\BOOKMARK [1][-]{appendix.B}{\376\377\000A\000p\000p\000e\000n\000d\000i\000x\000\040\000B\000.\000\040\000A\000r\000b\000i\000t\000r\000a\000g\000e\000-\000f\000r\000e\000e\000\040\000p\000r\000i\000c\000i\000n\000g}{}% 16
\BOOKMARK [2][-]{subsection.B.1}{\376\377\000B\000.\0001\000.\000\040\000A\000r\000b\000i\000t\000r\000a\000g\000e\000-\000f\000r\000e\000e\000\040\000M\000a\000r\000k\000e\000t}{appendix.B}% 17
\BOOKMARK [1][-]{appendix.C}{\376\377\000A\000p\000p\000e\000n\000d\000i\000x\000\040\000C\000.\000\040\000P\000u\000t\000-\000C\000a\000l\000l\000\040\000P\000a\000r\000i\000t\000y}{}% 18
\BOOKMARK [1][-]{appendix.D}{\376\377\000A\000p\000p\000e\000n\000d\000i\000x\000\040\000D\000.\000\040\000M\000a\000x\000\040\000T\000r\000a\000n\000s\000f\000o\000r\000m\000a\000t\000i\000o\000n}{}% 19
\BOOKMARK [1][-]{appendix.E}{\376\377\000A\000p\000p\000e\000n\000d\000i\000x\000\040\000E\000.\000\040\000x\000+\000\040\000N\000o\000t\000a\000t\000i\000o\000n}{}% 20
\BOOKMARK [1][-]{appendix.F}{\376\377\000A\000p\000p\000e\000n\000d\000i\000x\000\040\000F\000.\000\040\000V\000a\000r\000i\000o\000u\000s\000\040\000r\000e\000p\000l\000i\000c\000a\000t\000i\000n\000g\000\040\000s\000t\000r\000a\000t\000e\000g\000i\000e\000s}{}% 21
\BOOKMARK [2][-]{subsection.F.1}{\376\377\000F\000.\0001\000.\000\040\000R\000e\000p\000l\000i\000c\000a\000t\000i\000n\000g\000\040\000E\000u\000r\000o\000p\000e\000a\000n\000\040\000o\000p\000t\000i\000o\000n\000s}{appendix.F}% 22
\BOOKMARK [2][-]{subsection.F.2}{\376\377\000F\000.\0002\000.\000\040\000R\000e\000p\000l\000i\000c\000a\000t\000i\000n\000g\000\040\000A\000s\000i\000a\000n\000\040\000o\000p\000t\000i\000o\000n\000s}{appendix.F}% 23
